2019-05-07T04:16:47+00:00 CRITICAL Object of class stdClass could not be converted to string in /var/www/kiotsync/backend/wp-content/plugins/kiotviet-sync/includes/api/class-kiotviet-sync-transform-categories.php on line 49

2019-05-07T04:16:49+00:00 CRITICAL Uncaught Error: Call to a member function set_regular_price() on boolean in /var/www/kiotsync/backend/wp-content/plugins/kiotviet-sync/includes/api/class-kiotviet-sync-transform-products.php:265
Stack trace:
#0 /var/www/kiotsync/backend/wp-content/plugins/kiotviet-sync/includes/api/class-kiotviet-sync-api.php(115): Kiotviet_Sync_Transform_Products->updatePrice()
#1 /var/www/kiotsync/backend/wp-includes/class-wp-hook.php(286): Kiotviet_Sync_Api->exec('')
#2 /var/www/kiotsync/backend/wp-includes/class-wp-hook.php(310): WP_Hook->apply_filters('', Array)
#3 /var/www/kiotsync/backend/wp-includes/plugin.php(465): WP_Hook->do_action(Array)
#4 /var/www/kiotsync/backend/wp-admin/admin-ajax.php(172): do_action('wp_ajax_kiotvie...')
#5 {main}
  thrown in /var/www/kiotsync/backend/wp-content/plugins/kiotviet-sync/includes/api/class-kiotviet-sync-transform-products.php on line 265

2019-05-07T04:18:21+00:00 CRITICAL Uncaught Error: Call to a member function set_regular_price() on boolean in /var/www/kiotsync/backend/wp-content/plugins/kiotviet-sync/includes/api/class-kiotviet-sync-transform-products.php:265
Stack trace:
#0 /var/www/kiotsync/backend/wp-content/plugins/kiotviet-sync/includes/api/class-kiotviet-sync-api.php(115): Kiotviet_Sync_Transform_Products->updatePrice()
#1 /var/www/kiotsync/backend/wp-includes/class-wp-hook.php(286): Kiotviet_Sync_Api->exec('')
#2 /var/www/kiotsync/backend/wp-includes/class-wp-hook.php(310): WP_Hook->apply_filters('', Array)
#3 /var/www/kiotsync/backend/wp-includes/plugin.php(465): WP_Hook->do_action(Array)
#4 /var/www/kiotsync/backend/wp-admin/admin-ajax.php(172): do_action('wp_ajax_kiotvie...')
#5 {main}
  thrown in /var/www/kiotsync/backend/wp-content/plugins/kiotviet-sync/includes/api/class-kiotviet-sync-transform-products.php on line 265

2019-05-07T04:20:59+00:00 CRITICAL Object of class stdClass could not be converted to string in /var/www/kiotsync/backend/wp-content/plugins/kiotviet-sync/includes/api/class-kiotviet-sync-transform-categories.php on line 49

2019-05-07T04:40:34+00:00 CRITICAL Uncaught Error: Cannot use object of type stdClass as array in /var/www/kiotsync/backend/wp-content/plugins/kiotviet-sync/includes/api/class-kiotviet-sync-transform-categories.php:49
Stack trace:
#0 /var/www/kiotsync/backend/wp-content/plugins/kiotviet-sync/includes/api/class-kiotviet-sync-api.php(74): Kiotviet_Sync_Transform_Categories->deleteAllCategory()
#1 /var/www/kiotsync/backend/wp-includes/class-wp-hook.php(286): Kiotviet_Sync_Api->exec('')
#2 /var/www/kiotsync/backend/wp-includes/class-wp-hook.php(310): WP_Hook->apply_filters('', Array)
#3 /var/www/kiotsync/backend/wp-includes/plugin.php(465): WP_Hook->do_action(Array)
#4 /var/www/kiotsync/backend/wp-admin/admin-ajax.php(172): do_action('wp_ajax_kiotvie...')
#5 {main}
  thrown in /var/www/kiotsync/backend/wp-content/plugins/kiotviet-sync/includes/api/class-kiotviet-sync-transform-categories.php on line 49

2019-05-07T04:44:07+00:00 CRITICAL Uncaught Error: Cannot use object of type stdClass as array in /var/www/kiotsync/backend/wp-content/plugins/kiotviet-sync/includes/api/class-kiotviet-sync-transform-categories.php:49
Stack trace:
#0 /var/www/kiotsync/backend/wp-content/plugins/kiotviet-sync/includes/api/class-kiotviet-sync-api.php(74): Kiotviet_Sync_Transform_Categories->deleteAllCategory()
#1 /var/www/kiotsync/backend/wp-includes/class-wp-hook.php(286): Kiotviet_Sync_Api->exec('')
#2 /var/www/kiotsync/backend/wp-includes/class-wp-hook.php(310): WP_Hook->apply_filters('', Array)
#3 /var/www/kiotsync/backend/wp-includes/plugin.php(465): WP_Hook->do_action(Array)
#4 /var/www/kiotsync/backend/wp-admin/admin-ajax.php(172): do_action('wp_ajax_kiotvie...')
#5 {main}
  thrown in /var/www/kiotsync/backend/wp-content/plugins/kiotviet-sync/includes/api/class-kiotviet-sync-transform-categories.php on line 49

2019-05-07T04:45:08+00:00 CRITICAL Uncaught Error: Cannot use object of type stdClass as array in /var/www/kiotsync/backend/wp-content/plugins/kiotviet-sync/includes/api/class-kiotviet-sync-transform-categories.php:49
Stack trace:
#0 /var/www/kiotsync/backend/wp-content/plugins/kiotviet-sync/includes/api/class-kiotviet-sync-api.php(74): Kiotviet_Sync_Transform_Categories->deleteAllCategory()
#1 /var/www/kiotsync/backend/wp-includes/class-wp-hook.php(286): Kiotviet_Sync_Api->exec('')
#2 /var/www/kiotsync/backend/wp-includes/class-wp-hook.php(310): WP_Hook->apply_filters('', Array)
#3 /var/www/kiotsync/backend/wp-includes/plugin.php(465): WP_Hook->do_action(Array)
#4 /var/www/kiotsync/backend/wp-admin/admin-ajax.php(172): do_action('wp_ajax_kiotvie...')
#5 {main}
  thrown in /var/www/kiotsync/backend/wp-content/plugins/kiotviet-sync/includes/api/class-kiotviet-sync-transform-categories.php on line 49

