2019-06-01T04:27:54+00:00 CRITICAL Uncaught Error: Call to protected method KiotvietWcProduct::set_product_data() from context 'Kiotviet_Sync_Admin' in /var/www/kiotsync/backend/wp-content/plugins/kiotviet-sync/admin/class-kiotviet-sync-admin.php:235
Stack trace:
#0 /var/www/kiotsync/backend/wp-includes/class-wp-hook.php(286): Kiotviet_Sync_Admin->action_kiotvietsync_product('')
#1 /var/www/kiotsync/backend/wp-includes/class-wp-hook.php(310): WP_Hook->apply_filters('', Array)
#2 /var/www/kiotsync/backend/wp-includes/plugin.php(465): WP_Hook->do_action(Array)
#3 /var/www/kiotsync/backend/wp-admin/admin.php(253): do_action('kiotviet-sync_p...')
#4 {main}
  thrown in /var/www/kiotsync/backend/wp-content/plugins/kiotviet-sync/admin/class-kiotviet-sync-admin.php on line 235

2019-06-01T14:33:37+07:00 CRITICAL Uncaught Error: Function name must be a string in /var/www/kiotsync/backend/wp-content/plugins/kiotviet-sync/includes/public_actions/WebHookAction.php:219
Stack trace:
#0 /var/www/kiotsync/backend/wp-content/plugins/kiotviet-sync/includes/public_actions/WebHookAction.php(62): WebHookAction->updateProduct(Object(stdClass))
#1 /var/www/kiotsync/backend/wp-includes/rest-api/class-wp-rest-server.php(946): WebHookAction->product(Object(WP_REST_Request))
#2 /var/www/kiotsync/backend/wp-includes/rest-api/class-wp-rest-server.php(329): WP_REST_Server->dispatch(Object(WP_REST_Request))
#3 /var/www/kiotsync/backend/wp-includes/rest-api.php(309): WP_REST_Server->serve_request('/kiotviet-sync/...')
#4 /var/www/kiotsync/backend/wp-includes/class-wp-hook.php(286): rest_api_loaded(Object(WP))
#5 /var/www/kiotsync/backend/wp-includes/class-wp-hook.php(310): WP_Hook->apply_filters(NULL, Array)
#6 /var/www/kiotsync/backend/wp-includes/plugin.php(531): WP_Hook->do_action(Array)
#7 /var/www/kiotsync/backend/wp-includes/class-wp. in /var/www/kiotsync/backend/wp-content/plugins/kiotviet-sync/includes/public_actions/WebHookAction.php on line 219

2019-06-01T18:06:23+07:00 CRITICAL Uncaught Error: Call to a member function set_category_ids() on null in /var/www/kiotsync/backend/wp-content/plugins/kiotviet-sync/includes/public_actions/WebHookAction.php:348
Stack trace:
#0 /var/www/kiotsync/backend/wp-content/plugins/kiotviet-sync/includes/public_actions/WebHookAction.php(172): WebHookAction->updateCategory(NULL, '1954')
#1 /var/www/kiotsync/backend/wp-content/plugins/kiotviet-sync/includes/public_actions/WebHookAction.php(62): WebHookAction->updateProduct(Object(stdClass))
#2 /var/www/kiotsync/backend/wp-includes/rest-api/class-wp-rest-server.php(946): WebHookAction->product(Object(WP_REST_Request))
#3 /var/www/kiotsync/backend/wp-includes/rest-api/class-wp-rest-server.php(329): WP_REST_Server->dispatch(Object(WP_REST_Request))
#4 /var/www/kiotsync/backend/wp-includes/rest-api.php(309): WP_REST_Server->serve_request('/kiotviet-sync/...')
#5 /var/www/kiotsync/backend/wp-includes/class-wp-hook.php(286): rest_api_loaded(Object(WP))
#6 /var/www/kiotsync/backend/wp-includes/class-wp-hook.php( in /var/www/kiotsync/backend/wp-content/plugins/kiotviet-sync/includes/public_actions/WebHookAction.php on line 348

2019-06-01T18:07:16+07:00 CRITICAL Uncaught Error: Call to a member function set_category_ids() on null in /var/www/kiotsync/backend/wp-content/plugins/kiotviet-sync/includes/public_actions/WebHookAction.php:348
Stack trace:
#0 /var/www/kiotsync/backend/wp-content/plugins/kiotviet-sync/includes/public_actions/WebHookAction.php(172): WebHookAction->updateCategory(NULL, '1954')
#1 /var/www/kiotsync/backend/wp-content/plugins/kiotviet-sync/includes/public_actions/WebHookAction.php(62): WebHookAction->updateProduct(Object(stdClass))
#2 /var/www/kiotsync/backend/wp-includes/rest-api/class-wp-rest-server.php(946): WebHookAction->product(Object(WP_REST_Request))
#3 /var/www/kiotsync/backend/wp-includes/rest-api/class-wp-rest-server.php(329): WP_REST_Server->dispatch(Object(WP_REST_Request))
#4 /var/www/kiotsync/backend/wp-includes/rest-api.php(309): WP_REST_Server->serve_request('/kiotviet-sync/...')
#5 /var/www/kiotsync/backend/wp-includes/class-wp-hook.php(286): rest_api_loaded(Object(WP))
#6 /var/www/kiotsync/backend/wp-includes/class-wp-hook.php( in /var/www/kiotsync/backend/wp-content/plugins/kiotviet-sync/includes/public_actions/WebHookAction.php on line 348

