2019-05-08T07:04:09+00:00 CRITICAL Uncaught Error: Cannot use object of type stdClass as array in /var/www/kiotsync/backend/wp-content/plugins/kiotviet-sync/includes/api/class-kiotviet-sync-transform-categories.php:175
Stack trace:
#0 /var/www/kiotsync/backend/wp-content/plugins/kiotviet-sync/includes/api/class-kiotviet-sync-api.php(89): Kiotviet_Sync_Transform_Categories->updateCategoryMap()
#1 /var/www/kiotsync/backend/wp-includes/class-wp-hook.php(286): Kiotviet_Sync_Api->exec('')
#2 /var/www/kiotsync/backend/wp-includes/class-wp-hook.php(310): WP_Hook->apply_filters('', Array)
#3 /var/www/kiotsync/backend/wp-includes/plugin.php(465): WP_Hook->do_action(Array)
#4 /var/www/kiotsync/backend/wp-admin/admin-ajax.php(172): do_action('wp_ajax_kiotvie...')
#5 {main}
  thrown in /var/www/kiotsync/backend/wp-content/plugins/kiotviet-sync/includes/api/class-kiotviet-sync-transform-categories.php on line 175

2019-05-08T07:06:58+00:00 CRITICAL Uncaught Error: Cannot use object of type stdClass as array in /var/www/kiotsync/backend/wp-content/plugins/kiotviet-sync/includes/api/class-kiotviet-sync-transform-categories.php:175
Stack trace:
#0 /var/www/kiotsync/backend/wp-content/plugins/kiotviet-sync/includes/api/class-kiotviet-sync-api.php(89): Kiotviet_Sync_Transform_Categories->updateCategoryMap()
#1 /var/www/kiotsync/backend/wp-includes/class-wp-hook.php(286): Kiotviet_Sync_Api->exec('')
#2 /var/www/kiotsync/backend/wp-includes/class-wp-hook.php(310): WP_Hook->apply_filters('', Array)
#3 /var/www/kiotsync/backend/wp-includes/plugin.php(465): WP_Hook->do_action(Array)
#4 /var/www/kiotsync/backend/wp-admin/admin-ajax.php(172): do_action('wp_ajax_kiotvie...')
#5 {main}
  thrown in /var/www/kiotsync/backend/wp-content/plugins/kiotviet-sync/includes/api/class-kiotviet-sync-transform-categories.php on line 175

2019-05-08T07:09:03+00:00 CRITICAL Uncaught Error: Cannot use object of type stdClass as array in /var/www/kiotsync/backend/wp-content/plugins/kiotviet-sync/helpers/KiotvietWcCategory.php:40
Stack trace:
#0 /var/www/kiotsync/backend/wp-content/plugins/kiotviet-sync/includes/api/class-kiotviet-sync-transform-categories.php(176): KiotvietWcCategory->edit_category(Object(stdClass))
#1 /var/www/kiotsync/backend/wp-content/plugins/kiotviet-sync/includes/api/class-kiotviet-sync-api.php(89): Kiotviet_Sync_Transform_Categories->updateCategoryMap()
#2 /var/www/kiotsync/backend/wp-includes/class-wp-hook.php(286): Kiotviet_Sync_Api->exec('')
#3 /var/www/kiotsync/backend/wp-includes/class-wp-hook.php(310): WP_Hook->apply_filters('', Array)
#4 /var/www/kiotsync/backend/wp-includes/plugin.php(465): WP_Hook->do_action(Array)
#5 /var/www/kiotsync/backend/wp-admin/admin-ajax.php(172): do_action('wp_ajax_kiotvie...')
#6 {main}
  thrown in /var/www/kiotsync/backend/wp-content/plugins/kiotviet-sync/helpers/KiotvietWcCategory.php on line 40

