2019-05-24T04:55:04+00:00 CRITICAL Uncaught Error: Cannot use object of type stdClass as array in /var/www/kiotsync/backend/wp-content/plugins/kiotviet-sync/includes/api/class-kiotviet-sync-transform-products.php:43
Stack trace:
#0 /var/www/kiotsync/backend/wp-content/plugins/kiotviet-sync/includes/api/class-kiotviet-sync-api.php(119): Kiotviet_Sync_Transform_Products->getProductMap()
#1 /var/www/kiotsync/backend/wp-includes/class-wp-hook.php(286): Kiotviet_Sync_Api->exec('')
#2 /var/www/kiotsync/backend/wp-includes/class-wp-hook.php(310): WP_Hook->apply_filters('', Array)
#3 /var/www/kiotsync/backend/wp-includes/plugin.php(465): WP_Hook->do_action(Array)
#4 /var/www/kiotsync/backend/wp-admin/admin-ajax.php(172): do_action('wp_ajax_kiotvie...')
#5 {main}
  thrown in /var/www/kiotsync/backend/wp-content/plugins/kiotviet-sync/includes/api/class-kiotviet-sync-transform-products.php on line 43

2019-05-24T04:56:13+00:00 CRITICAL Uncaught Error: Cannot use object of type stdClass as array in /var/www/kiotsync/backend/wp-content/plugins/kiotviet-sync/includes/api/class-kiotviet-sync-transform-products.php:43
Stack trace:
#0 /var/www/kiotsync/backend/wp-content/plugins/kiotviet-sync/includes/api/class-kiotviet-sync-api.php(119): Kiotviet_Sync_Transform_Products->getProductMap()
#1 /var/www/kiotsync/backend/wp-includes/class-wp-hook.php(286): Kiotviet_Sync_Api->exec('')
#2 /var/www/kiotsync/backend/wp-includes/class-wp-hook.php(310): WP_Hook->apply_filters('', Array)
#3 /var/www/kiotsync/backend/wp-includes/plugin.php(465): WP_Hook->do_action(Array)
#4 /var/www/kiotsync/backend/wp-admin/admin-ajax.php(172): do_action('wp_ajax_kiotvie...')
#5 {main}
  thrown in /var/www/kiotsync/backend/wp-content/plugins/kiotviet-sync/includes/api/class-kiotviet-sync-transform-products.php on line 43

2019-05-24T04:57:03+00:00 CRITICAL Uncaught Error: Cannot use object of type stdClass as array in /var/www/kiotsync/backend/wp-content/plugins/kiotviet-sync/includes/api/class-kiotviet-sync-transform-products.php:43
Stack trace:
#0 /var/www/kiotsync/backend/wp-content/plugins/kiotviet-sync/includes/api/class-kiotviet-sync-api.php(119): Kiotviet_Sync_Transform_Products->getProductMap()
#1 /var/www/kiotsync/backend/wp-includes/class-wp-hook.php(286): Kiotviet_Sync_Api->exec('')
#2 /var/www/kiotsync/backend/wp-includes/class-wp-hook.php(310): WP_Hook->apply_filters('', Array)
#3 /var/www/kiotsync/backend/wp-includes/plugin.php(465): WP_Hook->do_action(Array)
#4 /var/www/kiotsync/backend/wp-admin/admin-ajax.php(172): do_action('wp_ajax_kiotvie...')
#5 {main}
  thrown in /var/www/kiotsync/backend/wp-content/plugins/kiotviet-sync/includes/api/class-kiotviet-sync-transform-products.php on line 43

2019-05-24T04:57:37+00:00 CRITICAL Uncaught Error: Cannot use object of type stdClass as array in /var/www/kiotsync/backend/wp-content/plugins/kiotviet-sync/includes/api/class-kiotviet-sync-transform-products.php:45
Stack trace:
#0 /var/www/kiotsync/backend/wp-content/plugins/kiotviet-sync/includes/api/class-kiotviet-sync-api.php(119): Kiotviet_Sync_Transform_Products->getProductMap()
#1 /var/www/kiotsync/backend/wp-includes/class-wp-hook.php(286): Kiotviet_Sync_Api->exec('')
#2 /var/www/kiotsync/backend/wp-includes/class-wp-hook.php(310): WP_Hook->apply_filters('', Array)
#3 /var/www/kiotsync/backend/wp-includes/plugin.php(465): WP_Hook->do_action(Array)
#4 /var/www/kiotsync/backend/wp-admin/admin-ajax.php(172): do_action('wp_ajax_kiotvie...')
#5 {main}
  thrown in /var/www/kiotsync/backend/wp-content/plugins/kiotviet-sync/includes/api/class-kiotviet-sync-transform-products.php on line 45

2019-05-24T04:57:56+00:00 CRITICAL Uncaught Error: Cannot use object of type stdClass as array in /var/www/kiotsync/backend/wp-content/plugins/kiotviet-sync/includes/api/class-kiotviet-sync-transform-products.php:45
Stack trace:
#0 /var/www/kiotsync/backend/wp-content/plugins/kiotviet-sync/includes/api/class-kiotviet-sync-api.php(119): Kiotviet_Sync_Transform_Products->getProductMap()
#1 /var/www/kiotsync/backend/wp-includes/class-wp-hook.php(286): Kiotviet_Sync_Api->exec('')
#2 /var/www/kiotsync/backend/wp-includes/class-wp-hook.php(310): WP_Hook->apply_filters('', Array)
#3 /var/www/kiotsync/backend/wp-includes/plugin.php(465): WP_Hook->do_action(Array)
#4 /var/www/kiotsync/backend/wp-admin/admin-ajax.php(172): do_action('wp_ajax_kiotvie...')
#5 {main}
  thrown in /var/www/kiotsync/backend/wp-content/plugins/kiotviet-sync/includes/api/class-kiotviet-sync-transform-products.php on line 45

