2019-05-29T09:37:33+00:00 CRITICAL Uncaught Error: Call to a member function get_type() on null in /var/www/kiotsync/backend/wp-content/plugins/kiotviet-sync/includes/public_actions/OrderHookAction.php:54
Stack trace:
#0 /var/www/kiotsync/backend/wp-includes/class-wp-hook.php(288): OrderHookAction->order_processed(6923)
#1 /var/www/kiotsync/backend/wp-includes/class-wp-hook.php(310): WP_Hook->apply_filters('', Array)
#2 /var/www/kiotsync/backend/wp-includes/plugin.php(465): WP_Hook->do_action(Array)
#3 /var/www/kiotsync/backend/wp-content/plugins/woocommerce/includes/class-wc-checkout.php(1120): do_action('woocommerce_che...', 6923, Array, Object(WC_Order))
#4 /var/www/kiotsync/backend/wp-content/plugins/woocommerce/includes/class-wc-ajax.php(462): WC_Checkout->process_checkout()
#5 /var/www/kiotsync/backend/wp-includes/class-wp-hook.php(286): WC_AJAX::checkout('')
#6 /var/www/kiotsync/backend/wp-includes/class-wp-hook.php(310): WP_Hook->apply_filters('', Array)
#7 /var/www/kiotsync/backend/wp-includes/plugin.php(465): WP_Hook->do_action(Array in /var/www/kiotsync/backend/wp-content/plugins/kiotviet-sync/includes/public_actions/OrderHookAction.php on line 54

2019-05-29T09:39:47+00:00 CRITICAL Uncaught Error: Call to a member function get_type() on null in /var/www/kiotsync/backend/wp-content/plugins/kiotviet-sync/includes/public_actions/OrderHookAction.php:54
Stack trace:
#0 /var/www/kiotsync/backend/wp-includes/class-wp-hook.php(288): OrderHookAction->order_processed(6924)
#1 /var/www/kiotsync/backend/wp-includes/class-wp-hook.php(310): WP_Hook->apply_filters('', Array)
#2 /var/www/kiotsync/backend/wp-includes/plugin.php(465): WP_Hook->do_action(Array)
#3 /var/www/kiotsync/backend/wp-content/plugins/woocommerce/includes/class-wc-checkout.php(1120): do_action('woocommerce_che...', 6924, Array, Object(WC_Order))
#4 /var/www/kiotsync/backend/wp-content/plugins/woocommerce/includes/class-wc-ajax.php(462): WC_Checkout->process_checkout()
#5 /var/www/kiotsync/backend/wp-includes/class-wp-hook.php(286): WC_AJAX::checkout('')
#6 /var/www/kiotsync/backend/wp-includes/class-wp-hook.php(310): WP_Hook->apply_filters('', Array)
#7 /var/www/kiotsync/backend/wp-includes/plugin.php(465): WP_Hook->do_action(Array in /var/www/kiotsync/backend/wp-content/plugins/kiotviet-sync/includes/public_actions/OrderHookAction.php on line 54

2019-05-29T09:41:00+00:00 CRITICAL Uncaught Error: Call to a member function get_type() on null in /var/www/kiotsync/backend/wp-content/plugins/kiotviet-sync/includes/public_actions/OrderHookAction.php:54
Stack trace:
#0 /var/www/kiotsync/backend/wp-includes/class-wp-hook.php(288): OrderHookAction->order_processed(6925)
#1 /var/www/kiotsync/backend/wp-includes/class-wp-hook.php(310): WP_Hook->apply_filters('', Array)
#2 /var/www/kiotsync/backend/wp-includes/plugin.php(465): WP_Hook->do_action(Array)
#3 /var/www/kiotsync/backend/wp-content/plugins/woocommerce/includes/class-wc-checkout.php(1120): do_action('woocommerce_che...', 6925, Array, Object(WC_Order))
#4 /var/www/kiotsync/backend/wp-content/plugins/woocommerce/includes/class-wc-ajax.php(462): WC_Checkout->process_checkout()
#5 /var/www/kiotsync/backend/wp-includes/class-wp-hook.php(286): WC_AJAX::checkout('')
#6 /var/www/kiotsync/backend/wp-includes/class-wp-hook.php(310): WP_Hook->apply_filters('', Array)
#7 /var/www/kiotsync/backend/wp-includes/plugin.php(465): WP_Hook->do_action(Array in /var/www/kiotsync/backend/wp-content/plugins/kiotviet-sync/includes/public_actions/OrderHookAction.php on line 54

2019-05-29T09:42:17+00:00 CRITICAL Uncaught Error: Call to a member function get_type() on null in /var/www/kiotsync/backend/wp-content/plugins/kiotviet-sync/includes/public_actions/OrderHookAction.php:54
Stack trace:
#0 /var/www/kiotsync/backend/wp-includes/class-wp-hook.php(288): OrderHookAction->order_processed(6926)
#1 /var/www/kiotsync/backend/wp-includes/class-wp-hook.php(310): WP_Hook->apply_filters('', Array)
#2 /var/www/kiotsync/backend/wp-includes/plugin.php(465): WP_Hook->do_action(Array)
#3 /var/www/kiotsync/backend/wp-content/plugins/woocommerce/includes/class-wc-checkout.php(1120): do_action('woocommerce_che...', 6926, Array, Object(WC_Order))
#4 /var/www/kiotsync/backend/wp-content/plugins/woocommerce/includes/class-wc-ajax.php(462): WC_Checkout->process_checkout()
#5 /var/www/kiotsync/backend/wp-includes/class-wp-hook.php(286): WC_AJAX::checkout('')
#6 /var/www/kiotsync/backend/wp-includes/class-wp-hook.php(310): WP_Hook->apply_filters('', Array)
#7 /var/www/kiotsync/backend/wp-includes/plugin.php(465): WP_Hook->do_action(Array in /var/www/kiotsync/backend/wp-content/plugins/kiotviet-sync/includes/public_actions/OrderHookAction.php on line 54

2019-05-29T09:42:28+00:00 CRITICAL Uncaught Error: Call to a member function get_type() on null in /var/www/kiotsync/backend/wp-content/plugins/kiotviet-sync/includes/public_actions/OrderHookAction.php:54
Stack trace:
#0 /var/www/kiotsync/backend/wp-includes/class-wp-hook.php(288): OrderHookAction->order_processed(6927)
#1 /var/www/kiotsync/backend/wp-includes/class-wp-hook.php(310): WP_Hook->apply_filters('', Array)
#2 /var/www/kiotsync/backend/wp-includes/plugin.php(465): WP_Hook->do_action(Array)
#3 /var/www/kiotsync/backend/wp-content/plugins/woocommerce/includes/class-wc-checkout.php(1120): do_action('woocommerce_che...', 6927, Array, Object(WC_Order))
#4 /var/www/kiotsync/backend/wp-content/plugins/woocommerce/includes/class-wc-ajax.php(462): WC_Checkout->process_checkout()
#5 /var/www/kiotsync/backend/wp-includes/class-wp-hook.php(286): WC_AJAX::checkout('')
#6 /var/www/kiotsync/backend/wp-includes/class-wp-hook.php(310): WP_Hook->apply_filters('', Array)
#7 /var/www/kiotsync/backend/wp-includes/plugin.php(465): WP_Hook->do_action(Array in /var/www/kiotsync/backend/wp-content/plugins/kiotviet-sync/includes/public_actions/OrderHookAction.php on line 54

2019-05-29T09:46:23+00:00 CRITICAL Uncaught Error: Call to a member function get_name() on string in /var/www/kiotsync/backend/wp-content/plugins/kiotviet-sync/includes/public_actions/OrderHookAction.php:164
Stack trace:
#0 /var/www/kiotsync/backend/wp-content/plugins/kiotviet-sync/includes/public_actions/OrderHookAction.php(65): OrderHookAction->create_kv_product_from_wc_product(Object(WC_Product_Variation))
#1 /var/www/kiotsync/backend/wp-includes/class-wp-hook.php(288): OrderHookAction->order_processed(6930)
#2 /var/www/kiotsync/backend/wp-includes/class-wp-hook.php(310): WP_Hook->apply_filters('', Array)
#3 /var/www/kiotsync/backend/wp-includes/plugin.php(465): WP_Hook->do_action(Array)
#4 /var/www/kiotsync/backend/wp-content/plugins/woocommerce/includes/class-wc-checkout.php(1120): do_action('woocommerce_che...', 6930, Array, Object(WC_Order))
#5 /var/www/kiotsync/backend/wp-content/plugins/woocommerce/includes/class-wc-ajax.php(462): WC_Checkout->process_checkout()
#6 /var/www/kiotsync/backend/wp-includes/class-wp-hook.php(286): WC_AJAX: in /var/www/kiotsync/backend/wp-content/plugins/kiotviet-sync/includes/public_actions/OrderHookAction.php on line 164

2019-05-29T10:20:53+00:00 CRITICAL Object of class WC_Product_Attribute could not be converted to string in /var/www/kiotsync/backend/wp-includes/kses.php on line 1585

2019-05-29T10:25:44+00:00 CRITICAL Uncaught Error: Call to a member function get_data() on string in /var/www/kiotsync/backend/wp-content/plugins/kiotviet-sync/admin/class-kiotviet-sync-admin.php:205
Stack trace:
#0 /var/www/kiotsync/backend/wp-includes/class-wp-hook.php(286): Kiotviet_Sync_Admin->action_kiotvietsync_product('')
#1 /var/www/kiotsync/backend/wp-includes/class-wp-hook.php(310): WP_Hook->apply_filters('', Array)
#2 /var/www/kiotsync/backend/wp-includes/plugin.php(465): WP_Hook->do_action(Array)
#3 /var/www/kiotsync/backend/wp-admin/admin.php(253): do_action('kiotviet-sync_p...')
#4 {main}
  thrown in /var/www/kiotsync/backend/wp-content/plugins/kiotviet-sync/admin/class-kiotviet-sync-admin.php on line 205

2019-05-29T10:26:21+00:00 CRITICAL Uncaught Error: Call to a member function get_taxonomy() on string in /var/www/kiotsync/backend/wp-content/plugins/kiotviet-sync/admin/class-kiotviet-sync-admin.php:205
Stack trace:
#0 /var/www/kiotsync/backend/wp-includes/class-wp-hook.php(286): Kiotviet_Sync_Admin->action_kiotvietsync_product('')
#1 /var/www/kiotsync/backend/wp-includes/class-wp-hook.php(310): WP_Hook->apply_filters('', Array)
#2 /var/www/kiotsync/backend/wp-includes/plugin.php(465): WP_Hook->do_action(Array)
#3 /var/www/kiotsync/backend/wp-admin/admin.php(253): do_action('kiotviet-sync_p...')
#4 {main}
  thrown in /var/www/kiotsync/backend/wp-content/plugins/kiotviet-sync/admin/class-kiotviet-sync-admin.php on line 205

2019-05-29T10:41:59+00:00 CRITICAL Uncaught ArgumentCountError: Too few arguments to function WC_Product_Variation::get_attribute(), 0 passed in /var/www/kiotsync/backend/wp-content/plugins/kiotviet-sync/admin/class-kiotviet-sync-admin.php on line 205 and exactly 1 expected in /var/www/kiotsync/backend/wp-content/plugins/woocommerce/includes/class-wc-product-variation.php:132
Stack trace:
#0 /var/www/kiotsync/backend/wp-content/plugins/kiotviet-sync/admin/class-kiotviet-sync-admin.php(205): WC_Product_Variation->get_attribute()
#1 /var/www/kiotsync/backend/wp-includes/class-wp-hook.php(286): Kiotviet_Sync_Admin->action_kiotvietsync_product('')
#2 /var/www/kiotsync/backend/wp-includes/class-wp-hook.php(310): WP_Hook->apply_filters('', Array)
#3 /var/www/kiotsync/backend/wp-includes/plugin.php(465): WP_Hook->do_action(Array)
#4 /var/www/kiotsync/backend/wp-admin/admin.php(253): do_action('kiotviet-sync_p...')
#5 {main}
  thrown in /var/www/kiotsync/backend/wp-content/plugins/woocommerce/includes/class-wc-product-variation.php on line 132

2019-05-29T10:45:01+00:00 CRITICAL Uncaught ArgumentCountError: Too few arguments to function wc_get_product_terms(), 1 passed in /var/www/kiotsync/backend/wp-content/plugins/kiotviet-sync/admin/class-kiotviet-sync-admin.php on line 206 and at least 2 expected in /var/www/kiotsync/backend/wp-content/plugins/woocommerce/includes/wc-term-functions.php:176
Stack trace:
#0 /var/www/kiotsync/backend/wp-content/plugins/kiotviet-sync/admin/class-kiotviet-sync-admin.php(206): wc_get_product_terms('attribute_pa_a')
#1 /var/www/kiotsync/backend/wp-includes/class-wp-hook.php(286): Kiotviet_Sync_Admin->action_kiotvietsync_product('')
#2 /var/www/kiotsync/backend/wp-includes/class-wp-hook.php(310): WP_Hook->apply_filters('', Array)
#3 /var/www/kiotsync/backend/wp-includes/plugin.php(465): WP_Hook->do_action(Array)
#4 /var/www/kiotsync/backend/wp-admin/admin.php(253): do_action('kiotviet-sync_p...')
#5 {main}
  thrown in /var/www/kiotsync/backend/wp-content/plugins/woocommerce/includes/wc-term-functions.php on line 176

2019-05-29T10:46:45+00:00 CRITICAL Uncaught ArgumentCountError: Too few arguments to function wc_get_product_terms(), 1 passed in /var/www/kiotsync/backend/wp-content/plugins/kiotviet-sync/admin/class-kiotviet-sync-admin.php on line 206 and at least 2 expected in /var/www/kiotsync/backend/wp-content/plugins/woocommerce/includes/wc-term-functions.php:176
Stack trace:
#0 /var/www/kiotsync/backend/wp-content/plugins/kiotviet-sync/admin/class-kiotviet-sync-admin.php(206): wc_get_product_terms('attribute_pa_a')
#1 /var/www/kiotsync/backend/wp-includes/class-wp-hook.php(286): Kiotviet_Sync_Admin->action_kiotvietsync_product('')
#2 /var/www/kiotsync/backend/wp-includes/class-wp-hook.php(310): WP_Hook->apply_filters('', Array)
#3 /var/www/kiotsync/backend/wp-includes/plugin.php(465): WP_Hook->do_action(Array)
#4 /var/www/kiotsync/backend/wp-admin/admin.php(253): do_action('kiotviet-sync_p...')
#5 {main}
  thrown in /var/www/kiotsync/backend/wp-content/plugins/woocommerce/includes/wc-term-functions.php on line 176

