2019-04-10T07:39:06+00:00 CRITICAL Uncaught Error: Cannot use object of type stdClass as array in /var/www/kiotsync/backend/wp-content/plugins/kiotviet-sync/includes/api/class-kiotviet-sync-transform-products.php:165
Stack trace:
#0 /var/www/kiotsync/backend/wp-content/plugins/kiotviet-sync/includes/api/class-kiotviet-sync-transform-products.php(42): Kiotviet_Sync_Transform_Products->getCategoryIds('variable', Array)
#1 /var/www/kiotsync/backend/wp-content/plugins/kiotviet-sync/includes/api/class-kiotviet-sync-api.php(101): Kiotviet_Sync_Transform_Products->addProduct()
#2 /var/www/kiotsync/backend/wp-includes/class-wp-hook.php(286): Kiotviet_Sync_Api->exec('')
#3 /var/www/kiotsync/backend/wp-includes/class-wp-hook.php(310): WP_Hook->apply_filters('', Array)
#4 /var/www/kiotsync/backend/wp-includes/plugin.php(465): WP_Hook->do_action(Array)
#5 /var/www/kiotsync/backend/wp-admin/admin-ajax.php(172): do_action('wp_ajax_kiotvie...')
#6 {main}
  thrown in /var/www/kiotsync/backend/wp-content/plugins/kiotviet-sync/includes/api/class-kiotviet-sync-transform-products.php on line 165

2019-04-10T07:39:07+00:00 CRITICAL Uncaught Error: Cannot use object of type stdClass as array in /var/www/kiotsync/backend/wp-content/plugins/kiotviet-sync/includes/api/class-kiotviet-sync-transform-products.php:165
Stack trace:
#0 /var/www/kiotsync/backend/wp-content/plugins/kiotviet-sync/includes/api/class-kiotviet-sync-transform-products.php(42): Kiotviet_Sync_Transform_Products->getCategoryIds('variable', Array)
#1 /var/www/kiotsync/backend/wp-content/plugins/kiotviet-sync/includes/api/class-kiotviet-sync-api.php(101): Kiotviet_Sync_Transform_Products->addProduct()
#2 /var/www/kiotsync/backend/wp-includes/class-wp-hook.php(286): Kiotviet_Sync_Api->exec('')
#3 /var/www/kiotsync/backend/wp-includes/class-wp-hook.php(310): WP_Hook->apply_filters('', Array)
#4 /var/www/kiotsync/backend/wp-includes/plugin.php(465): WP_Hook->do_action(Array)
#5 /var/www/kiotsync/backend/wp-admin/admin-ajax.php(172): do_action('wp_ajax_kiotvie...')
#6 {main}
  thrown in /var/www/kiotsync/backend/wp-content/plugins/kiotviet-sync/includes/api/class-kiotviet-sync-transform-products.php on line 165

2019-04-10T07:39:07+00:00 CRITICAL Uncaught Error: Cannot use object of type stdClass as array in /var/www/kiotsync/backend/wp-content/plugins/kiotviet-sync/includes/api/class-kiotviet-sync-transform-products.php:165
Stack trace:
#0 /var/www/kiotsync/backend/wp-content/plugins/kiotviet-sync/includes/api/class-kiotviet-sync-transform-products.php(42): Kiotviet_Sync_Transform_Products->getCategoryIds('variable', Array)
#1 /var/www/kiotsync/backend/wp-content/plugins/kiotviet-sync/includes/api/class-kiotviet-sync-api.php(101): Kiotviet_Sync_Transform_Products->addProduct()
#2 /var/www/kiotsync/backend/wp-includes/class-wp-hook.php(286): Kiotviet_Sync_Api->exec('')
#3 /var/www/kiotsync/backend/wp-includes/class-wp-hook.php(310): WP_Hook->apply_filters('', Array)
#4 /var/www/kiotsync/backend/wp-includes/plugin.php(465): WP_Hook->do_action(Array)
#5 /var/www/kiotsync/backend/wp-admin/admin-ajax.php(172): do_action('wp_ajax_kiotvie...')
#6 {main}
  thrown in /var/www/kiotsync/backend/wp-content/plugins/kiotviet-sync/includes/api/class-kiotviet-sync-transform-products.php on line 165

2019-04-10T07:39:07+00:00 CRITICAL Uncaught Error: Cannot use object of type stdClass as array in /var/www/kiotsync/backend/wp-content/plugins/kiotviet-sync/includes/api/class-kiotviet-sync-transform-products.php:165
Stack trace:
#0 /var/www/kiotsync/backend/wp-content/plugins/kiotviet-sync/includes/api/class-kiotviet-sync-transform-products.php(42): Kiotviet_Sync_Transform_Products->getCategoryIds('variable', Array)
#1 /var/www/kiotsync/backend/wp-content/plugins/kiotviet-sync/includes/api/class-kiotviet-sync-api.php(101): Kiotviet_Sync_Transform_Products->addProduct()
#2 /var/www/kiotsync/backend/wp-includes/class-wp-hook.php(286): Kiotviet_Sync_Api->exec('')
#3 /var/www/kiotsync/backend/wp-includes/class-wp-hook.php(310): WP_Hook->apply_filters('', Array)
#4 /var/www/kiotsync/backend/wp-includes/plugin.php(465): WP_Hook->do_action(Array)
#5 /var/www/kiotsync/backend/wp-admin/admin-ajax.php(172): do_action('wp_ajax_kiotvie...')
#6 {main}
  thrown in /var/www/kiotsync/backend/wp-content/plugins/kiotviet-sync/includes/api/class-kiotviet-sync-transform-products.php on line 165

2019-04-10T07:39:07+00:00 CRITICAL Uncaught Error: Cannot use object of type stdClass as array in /var/www/kiotsync/backend/wp-content/plugins/kiotviet-sync/includes/api/class-kiotviet-sync-transform-products.php:165
Stack trace:
#0 /var/www/kiotsync/backend/wp-content/plugins/kiotviet-sync/includes/api/class-kiotviet-sync-transform-products.php(42): Kiotviet_Sync_Transform_Products->getCategoryIds('simple', Array)
#1 /var/www/kiotsync/backend/wp-content/plugins/kiotviet-sync/includes/api/class-kiotviet-sync-api.php(101): Kiotviet_Sync_Transform_Products->addProduct()
#2 /var/www/kiotsync/backend/wp-includes/class-wp-hook.php(286): Kiotviet_Sync_Api->exec('')
#3 /var/www/kiotsync/backend/wp-includes/class-wp-hook.php(310): WP_Hook->apply_filters('', Array)
#4 /var/www/kiotsync/backend/wp-includes/plugin.php(465): WP_Hook->do_action(Array)
#5 /var/www/kiotsync/backend/wp-admin/admin-ajax.php(172): do_action('wp_ajax_kiotvie...')
#6 {main}
  thrown in /var/www/kiotsync/backend/wp-content/plugins/kiotviet-sync/includes/api/class-kiotviet-sync-transform-products.php on line 165

2019-04-10T07:39:08+00:00 CRITICAL Uncaught Error: Cannot use object of type stdClass as array in /var/www/kiotsync/backend/wp-content/plugins/kiotviet-sync/includes/api/class-kiotviet-sync-transform-products.php:165
Stack trace:
#0 /var/www/kiotsync/backend/wp-content/plugins/kiotviet-sync/includes/api/class-kiotviet-sync-transform-products.php(42): Kiotviet_Sync_Transform_Products->getCategoryIds('simple', Array)
#1 /var/www/kiotsync/backend/wp-content/plugins/kiotviet-sync/includes/api/class-kiotviet-sync-api.php(101): Kiotviet_Sync_Transform_Products->addProduct()
#2 /var/www/kiotsync/backend/wp-includes/class-wp-hook.php(286): Kiotviet_Sync_Api->exec('')
#3 /var/www/kiotsync/backend/wp-includes/class-wp-hook.php(310): WP_Hook->apply_filters('', Array)
#4 /var/www/kiotsync/backend/wp-includes/plugin.php(465): WP_Hook->do_action(Array)
#5 /var/www/kiotsync/backend/wp-admin/admin-ajax.php(172): do_action('wp_ajax_kiotvie...')
#6 {main}
  thrown in /var/www/kiotsync/backend/wp-content/plugins/kiotviet-sync/includes/api/class-kiotviet-sync-transform-products.php on line 165

2019-04-10T07:39:08+00:00 CRITICAL Uncaught Error: Cannot use object of type stdClass as array in /var/www/kiotsync/backend/wp-content/plugins/kiotviet-sync/includes/api/class-kiotviet-sync-transform-products.php:165
Stack trace:
#0 /var/www/kiotsync/backend/wp-content/plugins/kiotviet-sync/includes/api/class-kiotviet-sync-transform-products.php(42): Kiotviet_Sync_Transform_Products->getCategoryIds('simple', Array)
#1 /var/www/kiotsync/backend/wp-content/plugins/kiotviet-sync/includes/api/class-kiotviet-sync-api.php(101): Kiotviet_Sync_Transform_Products->addProduct()
#2 /var/www/kiotsync/backend/wp-includes/class-wp-hook.php(286): Kiotviet_Sync_Api->exec('')
#3 /var/www/kiotsync/backend/wp-includes/class-wp-hook.php(310): WP_Hook->apply_filters('', Array)
#4 /var/www/kiotsync/backend/wp-includes/plugin.php(465): WP_Hook->do_action(Array)
#5 /var/www/kiotsync/backend/wp-admin/admin-ajax.php(172): do_action('wp_ajax_kiotvie...')
#6 {main}
  thrown in /var/www/kiotsync/backend/wp-content/plugins/kiotviet-sync/includes/api/class-kiotviet-sync-transform-products.php on line 165

2019-04-10T07:39:08+00:00 CRITICAL Uncaught Error: Cannot use object of type stdClass as array in /var/www/kiotsync/backend/wp-content/plugins/kiotviet-sync/includes/api/class-kiotviet-sync-transform-products.php:165
Stack trace:
#0 /var/www/kiotsync/backend/wp-content/plugins/kiotviet-sync/includes/api/class-kiotviet-sync-transform-products.php(42): Kiotviet_Sync_Transform_Products->getCategoryIds('simple', Array)
#1 /var/www/kiotsync/backend/wp-content/plugins/kiotviet-sync/includes/api/class-kiotviet-sync-api.php(101): Kiotviet_Sync_Transform_Products->addProduct()
#2 /var/www/kiotsync/backend/wp-includes/class-wp-hook.php(286): Kiotviet_Sync_Api->exec('')
#3 /var/www/kiotsync/backend/wp-includes/class-wp-hook.php(310): WP_Hook->apply_filters('', Array)
#4 /var/www/kiotsync/backend/wp-includes/plugin.php(465): WP_Hook->do_action(Array)
#5 /var/www/kiotsync/backend/wp-admin/admin-ajax.php(172): do_action('wp_ajax_kiotvie...')
#6 {main}
  thrown in /var/www/kiotsync/backend/wp-content/plugins/kiotviet-sync/includes/api/class-kiotviet-sync-transform-products.php on line 165

2019-04-10T07:39:08+00:00 CRITICAL Uncaught Error: Cannot use object of type stdClass as array in /var/www/kiotsync/backend/wp-content/plugins/kiotviet-sync/includes/api/class-kiotviet-sync-transform-products.php:165
Stack trace:
#0 /var/www/kiotsync/backend/wp-content/plugins/kiotviet-sync/includes/api/class-kiotviet-sync-transform-products.php(42): Kiotviet_Sync_Transform_Products->getCategoryIds('simple', Array)
#1 /var/www/kiotsync/backend/wp-content/plugins/kiotviet-sync/includes/api/class-kiotviet-sync-api.php(101): Kiotviet_Sync_Transform_Products->addProduct()
#2 /var/www/kiotsync/backend/wp-includes/class-wp-hook.php(286): Kiotviet_Sync_Api->exec('')
#3 /var/www/kiotsync/backend/wp-includes/class-wp-hook.php(310): WP_Hook->apply_filters('', Array)
#4 /var/www/kiotsync/backend/wp-includes/plugin.php(465): WP_Hook->do_action(Array)
#5 /var/www/kiotsync/backend/wp-admin/admin-ajax.php(172): do_action('wp_ajax_kiotvie...')
#6 {main}
  thrown in /var/www/kiotsync/backend/wp-content/plugins/kiotviet-sync/includes/api/class-kiotviet-sync-transform-products.php on line 165

2019-04-10T07:39:09+00:00 CRITICAL Uncaught Error: Cannot use object of type stdClass as array in /var/www/kiotsync/backend/wp-content/plugins/kiotviet-sync/includes/api/class-kiotviet-sync-transform-products.php:165
Stack trace:
#0 /var/www/kiotsync/backend/wp-content/plugins/kiotviet-sync/includes/api/class-kiotviet-sync-transform-products.php(42): Kiotviet_Sync_Transform_Products->getCategoryIds('simple', Array)
#1 /var/www/kiotsync/backend/wp-content/plugins/kiotviet-sync/includes/api/class-kiotviet-sync-api.php(101): Kiotviet_Sync_Transform_Products->addProduct()
#2 /var/www/kiotsync/backend/wp-includes/class-wp-hook.php(286): Kiotviet_Sync_Api->exec('')
#3 /var/www/kiotsync/backend/wp-includes/class-wp-hook.php(310): WP_Hook->apply_filters('', Array)
#4 /var/www/kiotsync/backend/wp-includes/plugin.php(465): WP_Hook->do_action(Array)
#5 /var/www/kiotsync/backend/wp-admin/admin-ajax.php(172): do_action('wp_ajax_kiotvie...')
#6 {main}
  thrown in /var/www/kiotsync/backend/wp-content/plugins/kiotviet-sync/includes/api/class-kiotviet-sync-transform-products.php on line 165

2019-04-10T07:39:54+00:00 CRITICAL Uncaught Error: Cannot use object of type stdClass as array in /var/www/kiotsync/backend/wp-content/plugins/kiotviet-sync/includes/api/class-kiotviet-sync-transform-products.php:163
Stack trace:
#0 /var/www/kiotsync/backend/wp-content/plugins/kiotviet-sync/includes/api/class-kiotviet-sync-transform-products.php(42): Kiotviet_Sync_Transform_Products->getCategoryIds('variable', Array)
#1 /var/www/kiotsync/backend/wp-content/plugins/kiotviet-sync/includes/api/class-kiotviet-sync-api.php(101): Kiotviet_Sync_Transform_Products->addProduct()
#2 /var/www/kiotsync/backend/wp-includes/class-wp-hook.php(286): Kiotviet_Sync_Api->exec('')
#3 /var/www/kiotsync/backend/wp-includes/class-wp-hook.php(310): WP_Hook->apply_filters('', Array)
#4 /var/www/kiotsync/backend/wp-includes/plugin.php(465): WP_Hook->do_action(Array)
#5 /var/www/kiotsync/backend/wp-admin/admin-ajax.php(172): do_action('wp_ajax_kiotvie...')
#6 {main}
  thrown in /var/www/kiotsync/backend/wp-content/plugins/kiotviet-sync/includes/api/class-kiotviet-sync-transform-products.php on line 163

2019-04-10T07:39:54+00:00 CRITICAL Uncaught Error: Cannot use object of type stdClass as array in /var/www/kiotsync/backend/wp-content/plugins/kiotviet-sync/includes/api/class-kiotviet-sync-transform-products.php:163
Stack trace:
#0 /var/www/kiotsync/backend/wp-content/plugins/kiotviet-sync/includes/api/class-kiotviet-sync-transform-products.php(42): Kiotviet_Sync_Transform_Products->getCategoryIds('variable', Array)
#1 /var/www/kiotsync/backend/wp-content/plugins/kiotviet-sync/includes/api/class-kiotviet-sync-api.php(101): Kiotviet_Sync_Transform_Products->addProduct()
#2 /var/www/kiotsync/backend/wp-includes/class-wp-hook.php(286): Kiotviet_Sync_Api->exec('')
#3 /var/www/kiotsync/backend/wp-includes/class-wp-hook.php(310): WP_Hook->apply_filters('', Array)
#4 /var/www/kiotsync/backend/wp-includes/plugin.php(465): WP_Hook->do_action(Array)
#5 /var/www/kiotsync/backend/wp-admin/admin-ajax.php(172): do_action('wp_ajax_kiotvie...')
#6 {main}
  thrown in /var/www/kiotsync/backend/wp-content/plugins/kiotviet-sync/includes/api/class-kiotviet-sync-transform-products.php on line 163

2019-04-10T07:39:54+00:00 CRITICAL Uncaught Error: Cannot use object of type stdClass as array in /var/www/kiotsync/backend/wp-content/plugins/kiotviet-sync/includes/api/class-kiotviet-sync-transform-products.php:163
Stack trace:
#0 /var/www/kiotsync/backend/wp-content/plugins/kiotviet-sync/includes/api/class-kiotviet-sync-transform-products.php(42): Kiotviet_Sync_Transform_Products->getCategoryIds('variable', Array)
#1 /var/www/kiotsync/backend/wp-content/plugins/kiotviet-sync/includes/api/class-kiotviet-sync-api.php(101): Kiotviet_Sync_Transform_Products->addProduct()
#2 /var/www/kiotsync/backend/wp-includes/class-wp-hook.php(286): Kiotviet_Sync_Api->exec('')
#3 /var/www/kiotsync/backend/wp-includes/class-wp-hook.php(310): WP_Hook->apply_filters('', Array)
#4 /var/www/kiotsync/backend/wp-includes/plugin.php(465): WP_Hook->do_action(Array)
#5 /var/www/kiotsync/backend/wp-admin/admin-ajax.php(172): do_action('wp_ajax_kiotvie...')
#6 {main}
  thrown in /var/www/kiotsync/backend/wp-content/plugins/kiotviet-sync/includes/api/class-kiotviet-sync-transform-products.php on line 163

2019-04-10T07:39:54+00:00 CRITICAL Uncaught Error: Cannot use object of type stdClass as array in /var/www/kiotsync/backend/wp-content/plugins/kiotviet-sync/includes/api/class-kiotviet-sync-transform-products.php:163
Stack trace:
#0 /var/www/kiotsync/backend/wp-content/plugins/kiotviet-sync/includes/api/class-kiotviet-sync-transform-products.php(42): Kiotviet_Sync_Transform_Products->getCategoryIds('variable', Array)
#1 /var/www/kiotsync/backend/wp-content/plugins/kiotviet-sync/includes/api/class-kiotviet-sync-api.php(101): Kiotviet_Sync_Transform_Products->addProduct()
#2 /var/www/kiotsync/backend/wp-includes/class-wp-hook.php(286): Kiotviet_Sync_Api->exec('')
#3 /var/www/kiotsync/backend/wp-includes/class-wp-hook.php(310): WP_Hook->apply_filters('', Array)
#4 /var/www/kiotsync/backend/wp-includes/plugin.php(465): WP_Hook->do_action(Array)
#5 /var/www/kiotsync/backend/wp-admin/admin-ajax.php(172): do_action('wp_ajax_kiotvie...')
#6 {main}
  thrown in /var/www/kiotsync/backend/wp-content/plugins/kiotviet-sync/includes/api/class-kiotviet-sync-transform-products.php on line 163

2019-04-10T07:39:55+00:00 CRITICAL Uncaught Error: Cannot use object of type stdClass as array in /var/www/kiotsync/backend/wp-content/plugins/kiotviet-sync/includes/api/class-kiotviet-sync-transform-products.php:163
Stack trace:
#0 /var/www/kiotsync/backend/wp-content/plugins/kiotviet-sync/includes/api/class-kiotviet-sync-transform-products.php(42): Kiotviet_Sync_Transform_Products->getCategoryIds('simple', Array)
#1 /var/www/kiotsync/backend/wp-content/plugins/kiotviet-sync/includes/api/class-kiotviet-sync-api.php(101): Kiotviet_Sync_Transform_Products->addProduct()
#2 /var/www/kiotsync/backend/wp-includes/class-wp-hook.php(286): Kiotviet_Sync_Api->exec('')
#3 /var/www/kiotsync/backend/wp-includes/class-wp-hook.php(310): WP_Hook->apply_filters('', Array)
#4 /var/www/kiotsync/backend/wp-includes/plugin.php(465): WP_Hook->do_action(Array)
#5 /var/www/kiotsync/backend/wp-admin/admin-ajax.php(172): do_action('wp_ajax_kiotvie...')
#6 {main}
  thrown in /var/www/kiotsync/backend/wp-content/plugins/kiotviet-sync/includes/api/class-kiotviet-sync-transform-products.php on line 163

2019-04-10T07:39:55+00:00 CRITICAL Uncaught Error: Cannot use object of type stdClass as array in /var/www/kiotsync/backend/wp-content/plugins/kiotviet-sync/includes/api/class-kiotviet-sync-transform-products.php:163
Stack trace:
#0 /var/www/kiotsync/backend/wp-content/plugins/kiotviet-sync/includes/api/class-kiotviet-sync-transform-products.php(42): Kiotviet_Sync_Transform_Products->getCategoryIds('simple', Array)
#1 /var/www/kiotsync/backend/wp-content/plugins/kiotviet-sync/includes/api/class-kiotviet-sync-api.php(101): Kiotviet_Sync_Transform_Products->addProduct()
#2 /var/www/kiotsync/backend/wp-includes/class-wp-hook.php(286): Kiotviet_Sync_Api->exec('')
#3 /var/www/kiotsync/backend/wp-includes/class-wp-hook.php(310): WP_Hook->apply_filters('', Array)
#4 /var/www/kiotsync/backend/wp-includes/plugin.php(465): WP_Hook->do_action(Array)
#5 /var/www/kiotsync/backend/wp-admin/admin-ajax.php(172): do_action('wp_ajax_kiotvie...')
#6 {main}
  thrown in /var/www/kiotsync/backend/wp-content/plugins/kiotviet-sync/includes/api/class-kiotviet-sync-transform-products.php on line 163

2019-04-10T07:39:55+00:00 CRITICAL Uncaught Error: Cannot use object of type stdClass as array in /var/www/kiotsync/backend/wp-content/plugins/kiotviet-sync/includes/api/class-kiotviet-sync-transform-products.php:163
Stack trace:
#0 /var/www/kiotsync/backend/wp-content/plugins/kiotviet-sync/includes/api/class-kiotviet-sync-transform-products.php(42): Kiotviet_Sync_Transform_Products->getCategoryIds('simple', Array)
#1 /var/www/kiotsync/backend/wp-content/plugins/kiotviet-sync/includes/api/class-kiotviet-sync-api.php(101): Kiotviet_Sync_Transform_Products->addProduct()
#2 /var/www/kiotsync/backend/wp-includes/class-wp-hook.php(286): Kiotviet_Sync_Api->exec('')
#3 /var/www/kiotsync/backend/wp-includes/class-wp-hook.php(310): WP_Hook->apply_filters('', Array)
#4 /var/www/kiotsync/backend/wp-includes/plugin.php(465): WP_Hook->do_action(Array)
#5 /var/www/kiotsync/backend/wp-admin/admin-ajax.php(172): do_action('wp_ajax_kiotvie...')
#6 {main}
  thrown in /var/www/kiotsync/backend/wp-content/plugins/kiotviet-sync/includes/api/class-kiotviet-sync-transform-products.php on line 163

2019-04-10T07:39:55+00:00 CRITICAL Uncaught Error: Cannot use object of type stdClass as array in /var/www/kiotsync/backend/wp-content/plugins/kiotviet-sync/includes/api/class-kiotviet-sync-transform-products.php:163
Stack trace:
#0 /var/www/kiotsync/backend/wp-content/plugins/kiotviet-sync/includes/api/class-kiotviet-sync-transform-products.php(42): Kiotviet_Sync_Transform_Products->getCategoryIds('simple', Array)
#1 /var/www/kiotsync/backend/wp-content/plugins/kiotviet-sync/includes/api/class-kiotviet-sync-api.php(101): Kiotviet_Sync_Transform_Products->addProduct()
#2 /var/www/kiotsync/backend/wp-includes/class-wp-hook.php(286): Kiotviet_Sync_Api->exec('')
#3 /var/www/kiotsync/backend/wp-includes/class-wp-hook.php(310): WP_Hook->apply_filters('', Array)
#4 /var/www/kiotsync/backend/wp-includes/plugin.php(465): WP_Hook->do_action(Array)
#5 /var/www/kiotsync/backend/wp-admin/admin-ajax.php(172): do_action('wp_ajax_kiotvie...')
#6 {main}
  thrown in /var/www/kiotsync/backend/wp-content/plugins/kiotviet-sync/includes/api/class-kiotviet-sync-transform-products.php on line 163

2019-04-10T07:39:55+00:00 CRITICAL Uncaught Error: Cannot use object of type stdClass as array in /var/www/kiotsync/backend/wp-content/plugins/kiotviet-sync/includes/api/class-kiotviet-sync-transform-products.php:163
Stack trace:
#0 /var/www/kiotsync/backend/wp-content/plugins/kiotviet-sync/includes/api/class-kiotviet-sync-transform-products.php(42): Kiotviet_Sync_Transform_Products->getCategoryIds('simple', Array)
#1 /var/www/kiotsync/backend/wp-content/plugins/kiotviet-sync/includes/api/class-kiotviet-sync-api.php(101): Kiotviet_Sync_Transform_Products->addProduct()
#2 /var/www/kiotsync/backend/wp-includes/class-wp-hook.php(286): Kiotviet_Sync_Api->exec('')
#3 /var/www/kiotsync/backend/wp-includes/class-wp-hook.php(310): WP_Hook->apply_filters('', Array)
#4 /var/www/kiotsync/backend/wp-includes/plugin.php(465): WP_Hook->do_action(Array)
#5 /var/www/kiotsync/backend/wp-admin/admin-ajax.php(172): do_action('wp_ajax_kiotvie...')
#6 {main}
  thrown in /var/www/kiotsync/backend/wp-content/plugins/kiotviet-sync/includes/api/class-kiotviet-sync-transform-products.php on line 163

2019-04-10T07:39:56+00:00 CRITICAL Uncaught Error: Cannot use object of type stdClass as array in /var/www/kiotsync/backend/wp-content/plugins/kiotviet-sync/includes/api/class-kiotviet-sync-transform-products.php:163
Stack trace:
#0 /var/www/kiotsync/backend/wp-content/plugins/kiotviet-sync/includes/api/class-kiotviet-sync-transform-products.php(42): Kiotviet_Sync_Transform_Products->getCategoryIds('simple', Array)
#1 /var/www/kiotsync/backend/wp-content/plugins/kiotviet-sync/includes/api/class-kiotviet-sync-api.php(101): Kiotviet_Sync_Transform_Products->addProduct()
#2 /var/www/kiotsync/backend/wp-includes/class-wp-hook.php(286): Kiotviet_Sync_Api->exec('')
#3 /var/www/kiotsync/backend/wp-includes/class-wp-hook.php(310): WP_Hook->apply_filters('', Array)
#4 /var/www/kiotsync/backend/wp-includes/plugin.php(465): WP_Hook->do_action(Array)
#5 /var/www/kiotsync/backend/wp-admin/admin-ajax.php(172): do_action('wp_ajax_kiotvie...')
#6 {main}
  thrown in /var/www/kiotsync/backend/wp-content/plugins/kiotviet-sync/includes/api/class-kiotviet-sync-transform-products.php on line 163

