2019-06-28T02:52:44+00:00 CRITICAL Uncaught ArgumentCountError: Too few arguments to function plugin_dir_url(), 0 passed in /var/www/kiotsync/backend/wp-content/plugins/kiotviet-sync/admin/class-kiotviet-sync-admin.php on line 89 and exactly 1 expected in /var/www/kiotsync/backend/wp-includes/plugin.php:748
Stack trace:
#0 /var/www/kiotsync/backend/wp-content/plugins/kiotviet-sync/admin/class-kiotviet-sync-admin.php(89): plugin_dir_url()
#1 /var/www/kiotsync/backend/wp-includes/class-wp-hook.php(286): Kiotviet_Sync_Admin->enqueue_styles('toplevel_page_p...')
#2 /var/www/kiotsync/backend/wp-includes/class-wp-hook.php(310): WP_Hook->apply_filters(NULL, Array)
#3 /var/www/kiotsync/backend/wp-includes/plugin.php(465): WP_Hook->do_action(Array)
#4 /var/www/kiotsync/backend/wp-admin/admin-header.php(104): do_action('admin_enqueue_s...', 'toplevel_page_p...')
#5 /var/www/kiotsync/backend/wp-admin/admin.php(233): require_once('/var/www/kiotsy...')
#6 {main}
  thrown in /var/www/kiotsync/backend/wp-includes/plugin.php on line 748

2019-06-28T02:55:32+00:00 CRITICAL Uncaught ArgumentCountError: Too few arguments to function plugin_dir_url(), 0 passed in /var/www/kiotsync/backend/wp-content/plugins/kiotviet-sync/admin/class-kiotviet-sync-admin.php on line 89 and exactly 1 expected in /var/www/kiotsync/backend/wp-includes/plugin.php:748
Stack trace:
#0 /var/www/kiotsync/backend/wp-content/plugins/kiotviet-sync/admin/class-kiotviet-sync-admin.php(89): plugin_dir_url()
#1 /var/www/kiotsync/backend/wp-includes/class-wp-hook.php(286): Kiotviet_Sync_Admin->enqueue_styles('toplevel_page_p...')
#2 /var/www/kiotsync/backend/wp-includes/class-wp-hook.php(310): WP_Hook->apply_filters(NULL, Array)
#3 /var/www/kiotsync/backend/wp-includes/plugin.php(465): WP_Hook->do_action(Array)
#4 /var/www/kiotsync/backend/wp-admin/admin-header.php(104): do_action('admin_enqueue_s...', 'toplevel_page_p...')
#5 /var/www/kiotsync/backend/wp-admin/admin.php(233): require_once('/var/www/kiotsy...')
#6 {main}
  thrown in /var/www/kiotsync/backend/wp-includes/plugin.php on line 748

