2019-04-27T07:37:52+00:00 CRITICAL Uncaught Error: Call to protected method KiotvietWcProduct::check_attribute_parent() from context 'Kiotviet_Sync_Transform_Products' in /var/www/kiotsync/backend/wp-content/plugins/kiotviet-sync/includes/api/class-kiotviet-sync-transform-products.php:78
Stack trace:
#0 /var/www/kiotsync/backend/wp-content/plugins/kiotviet-sync/includes/api/class-kiotviet-sync-api.php(100): Kiotviet_Sync_Transform_Products->addProduct()
#1 /var/www/kiotsync/backend/wp-includes/class-wp-hook.php(286): Kiotviet_Sync_Api->exec('')
#2 /var/www/kiotsync/backend/wp-includes/class-wp-hook.php(310): WP_Hook->apply_filters('', Array)
#3 /var/www/kiotsync/backend/wp-includes/plugin.php(465): WP_Hook->do_action(Array)
#4 /var/www/kiotsync/backend/wp-admin/admin-ajax.php(172): do_action('wp_ajax_kiotvie...')
#5 {main}
  thrown in /var/www/kiotsync/backend/wp-content/plugins/kiotviet-sync/includes/api/class-kiotviet-sync-transform-products.php on line 78

2019-04-27T07:41:44+00:00 CRITICAL Uncaught Error: Call to protected method KiotvietWcProduct::check_attribute_parent() from context 'Kiotviet_Sync_Transform_Products' in /var/www/kiotsync/backend/wp-content/plugins/kiotviet-sync/includes/api/class-kiotviet-sync-transform-products.php:78
Stack trace:
#0 /var/www/kiotsync/backend/wp-content/plugins/kiotviet-sync/includes/api/class-kiotviet-sync-api.php(100): Kiotviet_Sync_Transform_Products->addProduct()
#1 /var/www/kiotsync/backend/wp-includes/class-wp-hook.php(286): Kiotviet_Sync_Api->exec('')
#2 /var/www/kiotsync/backend/wp-includes/class-wp-hook.php(310): WP_Hook->apply_filters('', Array)
#3 /var/www/kiotsync/backend/wp-includes/plugin.php(465): WP_Hook->do_action(Array)
#4 /var/www/kiotsync/backend/wp-admin/admin-ajax.php(172): do_action('wp_ajax_kiotvie...')
#5 {main}
  thrown in /var/www/kiotsync/backend/wp-content/plugins/kiotviet-sync/includes/api/class-kiotviet-sync-transform-products.php on line 78

2019-04-27T07:43:09+00:00 CRITICAL Uncaught Error: Call to protected method KiotvietWcProduct::check_attribute_parent() from context 'Kiotviet_Sync_Transform_Products' in /var/www/kiotsync/backend/wp-content/plugins/kiotviet-sync/includes/api/class-kiotviet-sync-transform-products.php:78
Stack trace:
#0 /var/www/kiotsync/backend/wp-content/plugins/kiotviet-sync/includes/api/class-kiotviet-sync-api.php(100): Kiotviet_Sync_Transform_Products->addProduct()
#1 /var/www/kiotsync/backend/wp-includes/class-wp-hook.php(286): Kiotviet_Sync_Api->exec('')
#2 /var/www/kiotsync/backend/wp-includes/class-wp-hook.php(310): WP_Hook->apply_filters('', Array)
#3 /var/www/kiotsync/backend/wp-includes/plugin.php(465): WP_Hook->do_action(Array)
#4 /var/www/kiotsync/backend/wp-admin/admin-ajax.php(172): do_action('wp_ajax_kiotvie...')
#5 {main}
  thrown in /var/www/kiotsync/backend/wp-content/plugins/kiotviet-sync/includes/api/class-kiotviet-sync-transform-products.php on line 78

2019-04-27T07:44:48+00:00 CRITICAL Uncaught ArgumentCountError: Too few arguments to function KiotvietWcProduct::check_attribute_parent(), 1 passed in /var/www/kiotsync/backend/wp-content/plugins/kiotviet-sync/includes/api/class-kiotviet-sync-transform-products.php on line 78 and exactly 2 expected in /var/www/kiotsync/backend/wp-content/plugins/kiotviet-sync/helpers/KiotvietWcProduct.php:634
Stack trace:
#0 /var/www/kiotsync/backend/wp-content/plugins/kiotviet-sync/includes/api/class-kiotviet-sync-transform-products.php(78): KiotvietWcProduct->check_attribute_parent(Array)
#1 /var/www/kiotsync/backend/wp-content/plugins/kiotviet-sync/includes/api/class-kiotviet-sync-api.php(100): Kiotviet_Sync_Transform_Products->addProduct()
#2 /var/www/kiotsync/backend/wp-includes/class-wp-hook.php(286): Kiotviet_Sync_Api->exec('')
#3 /var/www/kiotsync/backend/wp-includes/class-wp-hook.php(310): WP_Hook->apply_filters('', Array)
#4 /var/www/kiotsync/backend/wp-includes/plugin.php(465): WP_Hook->do_action(Array)
#5 /var/www/kiotsync/backend/wp-admin/admin-aj in /var/www/kiotsync/backend/wp-content/plugins/kiotviet-sync/helpers/KiotvietWcProduct.php on line 634

2019-04-27T07:46:50+00:00 CRITICAL Uncaught Error: Call to a member function get_attributes() on boolean in /var/www/kiotsync/backend/wp-content/plugins/kiotviet-sync/helpers/KiotvietWcProduct.php:636
Stack trace:
#0 /var/www/kiotsync/backend/wp-content/plugins/kiotviet-sync/includes/api/class-kiotviet-sync-transform-products.php(80): KiotvietWcProduct->check_attribute_parent(false, Array)
#1 /var/www/kiotsync/backend/wp-content/plugins/kiotviet-sync/includes/api/class-kiotviet-sync-api.php(100): Kiotviet_Sync_Transform_Products->addProduct()
#2 /var/www/kiotsync/backend/wp-includes/class-wp-hook.php(286): Kiotviet_Sync_Api->exec('')
#3 /var/www/kiotsync/backend/wp-includes/class-wp-hook.php(310): WP_Hook->apply_filters('', Array)
#4 /var/www/kiotsync/backend/wp-includes/plugin.php(465): WP_Hook->do_action(Array)
#5 /var/www/kiotsync/backend/wp-admin/admin-ajax.php(172): do_action('wp_ajax_kiotvie...')
#6 {main}
  thrown in /var/www/kiotsync/backend/wp-content/plugins/kiotviet-sync/helpers/KiotvietWcProduct.php on line 636

