2019-05-22T10:05:00+07:00 CRITICAL Uncaught Error: Call to a member function set_name() on boolean in /var/www/kiotsync/backend/wp-content/plugins/kiotviet-sync/includes/public_actions/WebHookAction.php:156
Stack trace:
#0 /var/www/kiotsync/backend/wp-content/plugins/kiotviet-sync/includes/public_actions/WebHookAction.php(62): WebHookAction->updateProduct(Object(stdClass))
#1 /var/www/kiotsync/backend/wp-includes/rest-api/class-wp-rest-server.php(946): WebHookAction->product(Object(WP_REST_Request))
#2 /var/www/kiotsync/backend/wp-includes/rest-api/class-wp-rest-server.php(329): WP_REST_Server->dispatch(Object(WP_REST_Request))
#3 /var/www/kiotsync/backend/wp-includes/rest-api.php(309): WP_REST_Server->serve_request('/kiotviet-sync/...')
#4 /var/www/kiotsync/backend/wp-includes/class-wp-hook.php(286): rest_api_loaded(Object(WP))
#5 /var/www/kiotsync/backend/wp-includes/class-wp-hook.php(310): WP_Hook->apply_filters(NULL, Array)
#6 /var/www/kiotsync/backend/wp-includes/plugin.php(531): WP_Hook->do_action(Array)
#7 /var/www/kiotsync/backend/wp-i in /var/www/kiotsync/backend/wp-content/plugins/kiotviet-sync/includes/public_actions/WebHookAction.php on line 156

2019-05-22T10:14:25+07:00 CRITICAL Uncaught Error: Call to a member function set_name() on boolean in /var/www/kiotsync/backend/wp-content/plugins/kiotviet-sync/includes/public_actions/WebHookAction.php:156
Stack trace:
#0 /var/www/kiotsync/backend/wp-content/plugins/kiotviet-sync/includes/public_actions/WebHookAction.php(62): WebHookAction->updateProduct(Object(stdClass))
#1 /var/www/kiotsync/backend/wp-includes/rest-api/class-wp-rest-server.php(946): WebHookAction->product(Object(WP_REST_Request))
#2 /var/www/kiotsync/backend/wp-includes/rest-api/class-wp-rest-server.php(329): WP_REST_Server->dispatch(Object(WP_REST_Request))
#3 /var/www/kiotsync/backend/wp-includes/rest-api.php(309): WP_REST_Server->serve_request('/kiotviet-sync/...')
#4 /var/www/kiotsync/backend/wp-includes/class-wp-hook.php(286): rest_api_loaded(Object(WP))
#5 /var/www/kiotsync/backend/wp-includes/class-wp-hook.php(310): WP_Hook->apply_filters(NULL, Array)
#6 /var/www/kiotsync/backend/wp-includes/plugin.php(531): WP_Hook->do_action(Array)
#7 /var/www/kiotsync/backend/wp-i in /var/www/kiotsync/backend/wp-content/plugins/kiotviet-sync/includes/public_actions/WebHookAction.php on line 156

2019-05-22T10:14:56+07:00 CRITICAL Uncaught Error: Call to a member function set_name() on boolean in /var/www/kiotsync/backend/wp-content/plugins/kiotviet-sync/includes/public_actions/WebHookAction.php:156
Stack trace:
#0 /var/www/kiotsync/backend/wp-content/plugins/kiotviet-sync/includes/public_actions/WebHookAction.php(62): WebHookAction->updateProduct(Object(stdClass))
#1 /var/www/kiotsync/backend/wp-includes/rest-api/class-wp-rest-server.php(946): WebHookAction->product(Object(WP_REST_Request))
#2 /var/www/kiotsync/backend/wp-includes/rest-api/class-wp-rest-server.php(329): WP_REST_Server->dispatch(Object(WP_REST_Request))
#3 /var/www/kiotsync/backend/wp-includes/rest-api.php(309): WP_REST_Server->serve_request('/kiotviet-sync/...')
#4 /var/www/kiotsync/backend/wp-includes/class-wp-hook.php(286): rest_api_loaded(Object(WP))
#5 /var/www/kiotsync/backend/wp-includes/class-wp-hook.php(310): WP_Hook->apply_filters(NULL, Array)
#6 /var/www/kiotsync/backend/wp-includes/plugin.php(531): WP_Hook->do_action(Array)
#7 /var/www/kiotsync/backend/wp-i in /var/www/kiotsync/backend/wp-content/plugins/kiotviet-sync/includes/public_actions/WebHookAction.php on line 156

