2019-04-11T03:15:06+00:00 CRITICAL Uncaught Error: Call to undefined function float() in /var/www/kiotsync/backend/wp-content/plugins/kiotviet-sync/includes/public_actions/OrderHookAction.php:165
Stack trace:
#0 /var/www/kiotsync/backend/wp-content/plugins/kiotviet-sync/includes/public_actions/OrderHookAction.php(54): OrderHookAction->create_kv_product_from_wc_product(Object(WC_Product_Simple))
#1 /var/www/kiotsync/backend/wp-includes/class-wp-hook.php(288): OrderHookAction->order_processed(2101)
#2 /var/www/kiotsync/backend/wp-includes/class-wp-hook.php(310): WP_Hook->apply_filters('', Array)
#3 /var/www/kiotsync/backend/wp-includes/plugin.php(465): WP_Hook->do_action(Array)
#4 /var/www/kiotsync/backend/wp-content/plugins/woocommerce/includes/class-wc-checkout.php(1078): do_action('woocommerce_che...', 2101, Array, Object(WC_Order))
#5 /var/www/kiotsync/backend/wp-content/plugins/woocommerce/includes/class-wc-ajax.php(435): WC_Checkout->process_checkout()
#6 /var/www/kiotsync/backend/wp-includes/class-wp-hook.php(286): WC_AJAX::checkout('')
# in /var/www/kiotsync/backend/wp-content/plugins/kiotviet-sync/includes/public_actions/OrderHookAction.php on line 165

2019-04-11T03:16:36+00:00 CRITICAL Uncaught Error: Call to undefined function float() in /var/www/kiotsync/backend/wp-content/plugins/kiotviet-sync/includes/public_actions/OrderHookAction.php:165
Stack trace:
#0 /var/www/kiotsync/backend/wp-content/plugins/kiotviet-sync/includes/public_actions/OrderHookAction.php(54): OrderHookAction->create_kv_product_from_wc_product(Object(WC_Product_Simple))
#1 /var/www/kiotsync/backend/wp-includes/class-wp-hook.php(288): OrderHookAction->order_processed(2103)
#2 /var/www/kiotsync/backend/wp-includes/class-wp-hook.php(310): WP_Hook->apply_filters('', Array)
#3 /var/www/kiotsync/backend/wp-includes/plugin.php(465): WP_Hook->do_action(Array)
#4 /var/www/kiotsync/backend/wp-content/plugins/woocommerce/includes/class-wc-checkout.php(1078): do_action('woocommerce_che...', 2103, Array, Object(WC_Order))
#5 /var/www/kiotsync/backend/wp-content/plugins/woocommerce/includes/class-wc-ajax.php(435): WC_Checkout->process_checkout()
#6 /var/www/kiotsync/backend/wp-includes/class-wp-hook.php(286): WC_AJAX::checkout('')
# in /var/www/kiotsync/backend/wp-content/plugins/kiotviet-sync/includes/public_actions/OrderHookAction.php on line 165

2019-04-11T03:17:12+00:00 CRITICAL Uncaught Error: Call to undefined function float() in /var/www/kiotsync/backend/wp-content/plugins/kiotviet-sync/includes/public_actions/OrderHookAction.php:165
Stack trace:
#0 /var/www/kiotsync/backend/wp-content/plugins/kiotviet-sync/includes/public_actions/OrderHookAction.php(54): OrderHookAction->create_kv_product_from_wc_product(Object(WC_Product_Simple))
#1 /var/www/kiotsync/backend/wp-includes/class-wp-hook.php(288): OrderHookAction->order_processed(2104)
#2 /var/www/kiotsync/backend/wp-includes/class-wp-hook.php(310): WP_Hook->apply_filters('', Array)
#3 /var/www/kiotsync/backend/wp-includes/plugin.php(465): WP_Hook->do_action(Array)
#4 /var/www/kiotsync/backend/wp-content/plugins/woocommerce/includes/class-wc-checkout.php(1078): do_action('woocommerce_che...', 2104, Array, Object(WC_Order))
#5 /var/www/kiotsync/backend/wp-content/plugins/woocommerce/includes/class-wc-ajax.php(435): WC_Checkout->process_checkout()
#6 /var/www/kiotsync/backend/wp-includes/class-wp-hook.php(286): WC_AJAX::checkout('')
# in /var/www/kiotsync/backend/wp-content/plugins/kiotviet-sync/includes/public_actions/OrderHookAction.php on line 165

2019-04-11T03:18:03+00:00 CRITICAL Uncaught Error: Call to undefined function float() in /var/www/kiotsync/backend/wp-content/plugins/kiotviet-sync/includes/public_actions/OrderHookAction.php:165
Stack trace:
#0 /var/www/kiotsync/backend/wp-content/plugins/kiotviet-sync/includes/public_actions/OrderHookAction.php(54): OrderHookAction->create_kv_product_from_wc_product(Object(WC_Product_Simple))
#1 /var/www/kiotsync/backend/wp-includes/class-wp-hook.php(288): OrderHookAction->order_processed(2105)
#2 /var/www/kiotsync/backend/wp-includes/class-wp-hook.php(310): WP_Hook->apply_filters('', Array)
#3 /var/www/kiotsync/backend/wp-includes/plugin.php(465): WP_Hook->do_action(Array)
#4 /var/www/kiotsync/backend/wp-content/plugins/woocommerce/includes/class-wc-checkout.php(1078): do_action('woocommerce_che...', 2105, Array, Object(WC_Order))
#5 /var/www/kiotsync/backend/wp-content/plugins/woocommerce/includes/class-wc-ajax.php(435): WC_Checkout->process_checkout()
#6 /var/www/kiotsync/backend/wp-includes/class-wp-hook.php(286): WC_AJAX::checkout('')
# in /var/www/kiotsync/backend/wp-content/plugins/kiotviet-sync/includes/public_actions/OrderHookAction.php on line 165

2019-04-11T03:18:50+00:00 CRITICAL Uncaught Error: Call to undefined function float() in /var/www/kiotsync/backend/wp-content/plugins/kiotviet-sync/includes/public_actions/OrderHookAction.php:165
Stack trace:
#0 /var/www/kiotsync/backend/wp-content/plugins/kiotviet-sync/includes/public_actions/OrderHookAction.php(54): OrderHookAction->create_kv_product_from_wc_product(Object(WC_Product_Simple))
#1 /var/www/kiotsync/backend/wp-includes/class-wp-hook.php(288): OrderHookAction->order_processed(2107)
#2 /var/www/kiotsync/backend/wp-includes/class-wp-hook.php(310): WP_Hook->apply_filters('', Array)
#3 /var/www/kiotsync/backend/wp-includes/plugin.php(465): WP_Hook->do_action(Array)
#4 /var/www/kiotsync/backend/wp-content/plugins/woocommerce/includes/class-wc-checkout.php(1078): do_action('woocommerce_che...', 2107, Array, Object(WC_Order))
#5 /var/www/kiotsync/backend/wp-content/plugins/woocommerce/includes/class-wc-ajax.php(435): WC_Checkout->process_checkout()
#6 /var/www/kiotsync/backend/wp-includes/class-wp-hook.php(286): WC_AJAX::checkout('')
# in /var/www/kiotsync/backend/wp-content/plugins/kiotviet-sync/includes/public_actions/OrderHookAction.php on line 165

